<?xml version="1.0" encoding="UTF-8"?>
<coverage generated="1546429568103" clover="3.2.0">
  <project timestamp="1546429568103" name="All files">
    <metrics statements="9" coveredstatements="9" conditionals="0" coveredconditionals="0" methods="2" coveredmethods="2" elements="11" coveredelements="11" complexity="0" loc="9" ncloc="9" packages="2" files="2" classes="2">
      <package name="common.enzyme">
        <metrics statements="3" coveredstatements="3" conditionals="0" coveredconditionals="0" methods="0" coveredmethods="0"/>
        <file name="setupEnzyme.js" path="/Users/shintaro.a.uchiyama/project/github.com/shintaro123/typescript/src/common/enzyme/setupEnzyme.js">
          <metrics statements="3" coveredstatements="3" conditionals="0" coveredconditionals="0" methods="0" coveredmethods="0"/>
          <line num="1" count="1" type="stmt"/>
          <line num="2" count="1" type="stmt"/>
          <line num="5" count="1" type="stmt"/>
        </file>
      </package>
      <package name="containers.context">
        <metrics statements="6" coveredstatements="6" conditionals="0" coveredconditionals="0" methods="2" coveredmethods="2"/>
        <file name="theme-toggler-button.tsx" path="/Users/shintaro.a.uchiyama/project/github.com/shintaro123/typescript/src/containers/context/theme-toggler-button.tsx">
          <metrics statements="6" coveredstatements="6" conditionals="0" coveredconditionals="0" methods="2" coveredmethods="2"/>
          <line num="1" count="1" type="stmt"/>
          <line num="2" count="1" type="stmt"/>
          <line num="4" count="1" type="stmt"/>
          <line num="7" count="2" type="stmt"/>
          <line num="9" count="2" type="stmt"/>
          <line num="20" count="1" type="stmt"/>
        </file>
      </package>
    </metrics>
  </project>
</coverage>
