{"/Users/shintaro.a.uchiyama/project/github.com/shintaro123/typescript/src/common/enzyme/setupEnzyme.js": {"path":"/Users/shintaro.a.uchiyama/project/github.com/shintaro123/typescript/src/common/enzyme/setupEnzyme.js","statementMap":{"0":{"start":{"line":1,"column":15},"end":{"line":1,"column":32}},"1":{"start":{"line":2,"column":22},"end":{"line":2,"column":56}},"2":{"start":{"line":5,"column":0},"end":{"line":5,"column":51}}},"fnMap":{},"branchMap":{},"s":{"0":1,"1":1,"2":1},"f":{},"b":{},"_coverageSchema":"332fd63041d2c1bcb487cc26dd0d5f7d97098a6c","hash":"bd67ca3e1805206c05e44ffefd9ef039c7f9ab53"}
,"/Users/shintaro.a.uchiyama/project/github.com/shintaro123/typescript/src/components/context/theme-toggler-button.tsx": {"path":"/Users/shintaro.a.uchiyama/project/github.com/shintaro123/typescript/src/components/context/theme-toggler-button.tsx","statementMap":{"0":{"start":{"line":1,"column":0},"end":{"line":1,"column":25}},"1":{"start":{"line":2,"column":0},"end":{"line":2,"column":65}},"2":{"start":{"line":4,"column":27},"end":{"line":18,"column":1}},"3":{"start":{"line":7,"column":2},"end":{"line":17,"column":4}},"4":{"start":{"line":9,"column":10},"end":{"line":9,"column":15}},"5":{"start":{"line":9,"column":17},"end":{"line":9,"column":28}},"6":{"start":{"line":9,"column":35},"end":{"line":15,"column":7}},"7":{"start":{"line":20,"column":0},"end":{"line":20,"column":34}}},"fnMap":{"0":{"name":"(anonymous_1)","decl":{"start":{"line":4,"column":27},"end":{"line":null,"column":-1}},"loc":{"start":{"line":4,"column":27},"end":{"line":18,"column":1}}},"1":{"name":"(anonymous_2)","decl":{"start":{"line":9,"column":7},"end":{"line":9,"column":7}},"loc":{"start":{"line":9,"column":30},"end":{"line":15,"column":7}}}},"branchMap":{},"s":{"0":1,"1":1,"2":1,"3":2,"4":2,"5":2,"6":2,"7":1},"f":{"0":2,"1":2},"b":{}}
}
